<?xml version="1.0" encoding="UTF-8"?>
<testsuite xmlns:xsi="http://www.w3.org/2001/XMLSchema-instance" xsi:noNamespaceSchemaLocation="https://maven.apache.org/surefire/maven-surefire-plugin/xsd/surefire-test-report-3.0.xsd" version="3.0" name="com.blackrock.challenge.ApplicationTests" time="3.697" tests="1" errors="0" skipped="0" failures="0">
  <properties>
[...]
</properties>
  <testcase name="contextLoads" classname="com.blackrock.challenge.ApplicationTests" time="0.861">
    <system-out><![CDATA[16:13:09.285 [main] INFO org.springframework.test.context.support.AnnotationConfigContextLoaderUtils -- Could not detect default configuration classes for test class [com.blackrock.challenge.ApplicationTests]: ApplicationTests does not declare any static, non-private, non-final, nested classes annotated with @Configuration.
16:13:09.395 [main] INFO org.springframework.boot.test.context.SpringBootTestContextBootstrapper -- Found @SpringBootConfiguration com.blackrock.challenge.Application for test class com.blackrock.challenge.ApplicationTests

  .   ____          _            __ _ _
 /\\ / ___'_ __ _ _(_)_ __  __ _ \ \ \ \
( ( )\___ | '_ | '_| | '_ \/ _` | \ \ \ \
 \\/  ___)| |_)| | | | | || (_| |  ) ) ) )
  '  |____| .__|_| |_|_| |_\__, | / / / /
 =========|_|==============|___/=/_/_/_/

 :: Spring Boot ::                (v3.3.5)

2026-02-21 16:13:09.871 INFO  [main] [] c.b.challenge.ApplicationTests - Starting ApplicationTests using Java 17.0.15 with PID 27080 (started by Irena in C:\Users\Irena\OneDrive\Documents\GitHub\ArborThrive\retirement-strategy)
2026-02-21 16:13:09.872 INFO  [main] [] c.b.challenge.ApplicationTests - No active profile set, falling back to 1 default profile: "default"
2026-02-21 16:13:11.181 INFO  [main] [] o.s.s.c.a.a.c.InitializeUserDetailsBeanManagerConfigurer$InitializeUserDetailsManagerConfigurer - Global AuthenticationManager configured with UserDetailsService bean with name userDetailsService
2026-02-21 16:13:11.510 DEBUG [main] [] o.s.s.web.DefaultSecurityFilterChain - Will secure any request with filters: DisableEncodeUrlFilter, WebAsyncManagerIntegrationFilter, SecurityContextHolderFilter, HeaderWriterFilter, LogoutFilter, RequestCacheAwareFilter, SecurityContextHolderAwareRequestFilter, AnonymousAuthenticationFilter, SessionManagementFilter, ExceptionTranslationFilter, CorrelationIdFilter, JwtAuthenticationFilter, AuthorizationFilter
2026-02-21 16:13:11.943 INFO  [main] [] c.b.challenge.ApplicationTests - Started ApplicationTests in 2.377 seconds (process running for 3.294)
]]></system-out>
  </testcase>
</testsuite>